\BOOKMARK [1][-]{section.1}{\376\377\000E\000x\000e\000r\000c\000i\000s\000e}{}% 1
\BOOKMARK [2][-]{subsection.1.1}{\376\377\000E\000x\000e\000r\000c\000i\000s\000e\000\040\0001}{section.1}% 2
\BOOKMARK [3][-]{subsubsection.1.1.1}{\376\377\000R\000e\000p\000o\000r\000t\000\040\0001\000:\000\040\000D\000e\000p\000i\000c\000t\000\040\000t\000h\000e\000\040\000s\000c\000h\000e\000m\000a\000t\000i\000c\000\040\000f\000r\000o\000m\000\040\000P\000r\000o\000t\000e\000u\000s\000\040\000s\000i\000m\000u\000l\000a\000t\000i\000o\000n\000\040\000i\000n\000\040\000t\000h\000i\000s\000\040\000r\000e\000p\000o\000r\000t\000.}{subsection.1.1}% 3
\BOOKMARK [3][-]{subsubsection.1.1.2}{\376\377\000R\000e\000p\000o\000r\000t\000\040\0002\000:\000\040\000P\000r\000e\000s\000e\000n\000t\000\040\000t\000h\000e\000\040\000s\000o\000u\000r\000c\000e\000\040\000c\000o\000d\000e\000\040\000i\000n\000\040\000t\000h\000e\000\040\000i\000n\000f\000i\000n\000i\000t\000e\000\040\000l\000o\000o\000p\000\040\000w\000h\000i\000l\000e\000\040\000o\000f\000\040\000y\000o\000u\000r\000\040\000p\000r\000o\000j\000e\000c\000t\000.}{subsection.1.1}% 4
\BOOKMARK [2][-]{subsection.1.2}{\376\377\000E\000x\000e\000r\000c\000i\000s\000e\000\040\0002}{section.1}% 5
\BOOKMARK [3][-]{subsubsection.1.2.1}{\376\377\000R\000e\000p\000o\000r\000t\000\040\0001\000:\000\040\000P\000r\000e\000s\000e\000n\000t\000\040\000t\000h\000e\000\040\000s\000c\000h\000e\000m\000a\000t\000i\000c\000.}{subsection.1.2}% 6
\BOOKMARK [3][-]{subsubsection.1.2.2}{\376\377\000R\000e\000p\000o\000r\000t\000\040\0002\000:\000\040\000P\000r\000e\000s\000e\000n\000t\000\040\000t\000h\000e\000\040\000s\000o\000u\000r\000c\000e\000\040\000c\000o\000d\000e\000\040\000i\000n\000\040\000w\000h\000i\000l\000e\000.}{subsection.1.2}% 7
\BOOKMARK [2][-]{subsection.1.3}{\376\377\000E\000x\000e\000r\000c\000i\000s\000e\000\040\0003}{section.1}% 8
\BOOKMARK [3][-]{subsubsection.1.3.1}{\376\377\000R\000e\000p\000o\000r\000t\000\040\0001\000:\000\040\000P\000r\000e\000s\000e\000n\000t\000\040\000t\000h\000e\000\040\000s\000c\000h\000e\000m\000a\000t\000i\000c\000.}{subsection.1.3}% 9
\BOOKMARK [3][-]{subsubsection.1.3.2}{\376\377\000R\000e\000p\000o\000r\000t\000\040\0002\000:\000\040\000P\000r\000e\000s\000e\000n\000t\000\040\000t\000h\000e\000\040\000s\000o\000u\000r\000c\000e\000\040\000c\000o\000d\000e\000\040\000i\000n\000\040\000w\000h\000i\000l\000e\000.}{subsection.1.3}% 10
\BOOKMARK [2][-]{subsection.1.4}{\376\377\000E\000x\000e\000r\000c\000i\000s\000e\000\040\0004}{section.1}% 11
\BOOKMARK [3][-]{subsubsection.1.4.1}{\376\377\000R\000e\000p\000o\000r\000t\000\040\0001\000:\000\040\000P\000r\000e\000s\000e\000n\000t\000\040\000t\000h\000e\000\040\000s\000c\000h\000e\000m\000a\000t\000i\000c\000.}{subsection.1.4}% 12
\BOOKMARK [3][-]{subsubsection.1.4.2}{\376\377\000R\000e\000p\000o\000r\000t\000\040\0002\000:\000\040\000P\000r\000e\000s\000e\000n\000t\000\040\000t\000h\000e\000\040\000s\000o\000u\000r\000c\000e\000\040\000c\000o\000d\000e\000\040\000f\000o\000r\000\040\000d\000i\000s\000p\000l\000a\000y\0007\000S\000E\000G\000\040\000f\000u\000n\000c\000t\000i\000o\000n\000.}{subsection.1.4}% 13
\BOOKMARK [2][-]{subsection.1.5}{\376\377\000E\000x\000e\000r\000c\000i\000s\000e\000\040\0005}{section.1}% 14
\BOOKMARK [3][-]{subsubsection.1.5.1}{\376\377\000R\000e\000p\000o\000r\000t\000\040\0001\000:\000\040\000P\000r\000e\000s\000e\000n\000t\000\040\000t\000h\000e\000\040\000s\000o\000u\000r\000c\000e\000\040\000c\000o\000d\000e\000.}{subsection.1.5}% 15
\BOOKMARK [2][-]{subsection.1.6}{\376\377\000E\000x\000e\000r\000c\000i\000s\000e\000\040\0006}{section.1}% 16
\BOOKMARK [3][-]{subsubsection.1.6.1}{\376\377\000R\000e\000p\000o\000r\000t\000\040\0001\000:\000\040\000P\000r\000e\000s\000e\000n\000t\000\040\000t\000h\000e\000\040\000s\000c\000h\000e\000m\000a\000t\000i\000c\000.}{subsection.1.6}% 17
\BOOKMARK [3][-]{subsubsection.1.6.2}{\376\377\000R\000e\000p\000o\000r\000t\000\040\0002\000:\000\040\000I\000m\000p\000l\000e\000m\000e\000n\000t\000\040\000a\000\040\000s\000i\000m\000p\000l\000e\000\040\000p\000r\000o\000g\000r\000a\000m\000\040\000t\000o\000\040\000t\000e\000s\000t\000\040\000t\000h\000e\000\040\000c\000o\000n\000n\000e\000c\000t\000i\000o\000n\000\040\000o\000f\000\040\000e\000v\000e\000r\000y\000\040\000s\000i\000n\000g\000l\000e\000\040\000L\000E\000D\000.\000\040}{subsection.1.6}% 18
\BOOKMARK [2][-]{subsection.1.7}{\376\377\000E\000x\000e\000r\000c\000i\000s\000e\000\040\0007}{section.1}% 19
\BOOKMARK [3][-]{subsubsection.1.7.1}{\376\377\000R\000e\000p\000o\000r\000t\000\040\0001\000:\000\040\000P\000r\000e\000s\000e\000n\000t\000\040\000t\000h\000e\000\040\000s\000o\000u\000r\000c\000e\000\040\000c\000o\000d\000e\000\040\000o\000f\000\040\000t\000h\000i\000s\000\040\000f\000u\000n\000c\000t\000i\000o\000n\000.}{subsection.1.7}% 20
\BOOKMARK [2][-]{subsection.1.8}{\376\377\000E\000x\000e\000r\000c\000i\000s\000e\000\040\0008}{section.1}% 21
\BOOKMARK [3][-]{subsubsection.1.8.1}{\376\377\000R\000e\000p\000o\000r\000t\000\040\0001\000:\000\040\000P\000r\000e\000s\000e\000n\000t\000\040\000t\000h\000e\000\040\000s\000o\000u\000r\000c\000e\000\040\000c\000o\000d\000e\000\040\000o\000f\000\040\000t\000h\000i\000s\000\040\000f\000u\000n\000c\000t\000i\000o\000n\000.}{subsection.1.8}% 22
\BOOKMARK [2][-]{subsection.1.9}{\376\377\000E\000x\000e\000r\000c\000i\000s\000e\000\040\0009}{section.1}% 23
\BOOKMARK [3][-]{subsubsection.1.9.1}{\376\377\000R\000e\000p\000o\000r\000t\000\040\0001\000:\000\040\000P\000r\000e\000s\000e\000n\000t\000\040\000t\000h\000e\000\040\000s\000o\000u\000r\000c\000e\000\040\000c\000o\000d\000e\000\040\000o\000f\000\040\000t\000h\000i\000s\000\040\000f\000u\000n\000c\000t\000i\000o\000n\000.}{subsection.1.9}% 24
\BOOKMARK [2][-]{subsection.1.10}{\376\377\000E\000x\000e\000r\000c\000i\000s\000e\000\040\0001\0000}{section.1}% 25
\BOOKMARK [3][-]{subsubsection.1.10.1}{\376\377\000R\000e\000p\000o\000r\000t\000\040\0001\000:\000\040\000I\000n\000t\000e\000g\000r\000a\000t\000e\000\040\000t\000h\000e\000\040\000w\000h\000o\000l\000e\000\040\000s\000y\000s\000t\000e\000m\000\040\000a\000n\000d\000\040\000u\000s\000e\000\040\0001\0002\000\040\000L\000E\000D\000s\000\040\000t\000o\000\040\000d\000i\000s\000p\000l\000a\000y\000\040\000a\000\040\000c\000l\000o\000c\000k\000.}{subsection.1.10}% 26
